   Compiling graphile_worker v0.8.5 (/home/leoc/projects/leo91000/graphile_worker_rs)
    Finished `dev` profile [unoptimized + debuginfo] target(s) in 1.79s
     Running `target/debug/examples/context_helpers`
[2m2025-09-18T15:51:14.185521Z[0m [32m INFO[0m [2mgraphile_worker_migrations[0m[2m:[0m Graphile Worker schema not found, installing... [3merror[0m[2m=[0mPgDatabaseError { severity: Error, code: "42P01", message: "relation \"example_context_helpers.migrations\" does not exist", detail: None, hint: None, position: Some(Original(85)), where: None, schema: None, table: None, column: None, data_type: None, constraint: None, file: Some("parse_relation.c"), line: Some(1428), routine: Some("parserOpenTable") } [3mschema[0m[2m=[0m"example_context_helpers"
[2m2025-09-18T15:51:14.186153Z[0m [32m INFO[0m [2mgraphile_worker_migrations[0m[2m:[0m Installing Graphile Worker schema [3mpg_version[0m[2m=[0m160010
[2m2025-09-18T15:51:14.192767Z[0m [32m INFO[0m [2mgraphile_worker_migrations[0m[2m:[0m Running breaking migration m000001 [3mmigration_number[0m[2m=[0m1 [3mmigration_name[0m[2m=[0m"m000001" [3mis_breaking_migration[0m[2m=[0mtrue
[2m2025-09-18T15:51:14.213855Z[0m [32m INFO[0m [2mgraphile_worker_migrations[0m[2m:[0m Running backwards-compatible migration m000002 [3mmigration_number[0m[2m=[0m2 [3mmigration_name[0m[2m=[0m"m000002" [3mis_breaking_migration[0m[2m=[0mfalse
[2m2025-09-18T15:51:14.222303Z[0m [32m INFO[0m [2mgraphile_worker_migrations[0m[2m:[0m Running breaking migration m000003 [3mmigration_number[0m[2m=[0m3 [3mmigration_name[0m[2m=[0m"m000003" [3mis_breaking_migration[0m[2m=[0mtrue
[2m2025-09-18T15:51:14.228878Z[0m [32m INFO[0m [2mgraphile_worker_migrations[0m[2m:[0m Running backwards-compatible migration m000004 [3mmigration_number[0m[2m=[0m4 [3mmigration_name[0m[2m=[0m"m000004" [3mis_breaking_migration[0m[2m=[0mfalse
[2m2025-09-18T15:51:14.232897Z[0m [32m INFO[0m [2mgraphile_worker_migrations[0m[2m:[0m Running backwards-compatible migration m000005 [3mmigration_number[0m[2m=[0m5 [3mmigration_name[0m[2m=[0m"m000005" [3mis_breaking_migration[0m[2m=[0mfalse
[2m2025-09-18T15:51:14.236529Z[0m [32m INFO[0m [2mgraphile_worker_migrations[0m[2m:[0m Running backwards-compatible migration m000006 [3mmigration_number[0m[2m=[0m6 [3mmigration_name[0m[2m=[0m"m000006" [3mis_breaking_migration[0m[2m=[0mfalse
[2m2025-09-18T15:51:14.240728Z[0m [32m INFO[0m [2mgraphile_worker_migrations[0m[2m:[0m Running backwards-compatible migration m000007 [3mmigration_number[0m[2m=[0m7 [3mmigration_name[0m[2m=[0m"m000007" [3mis_breaking_migration[0m[2m=[0mfalse
[2m2025-09-18T15:51:14.243803Z[0m [32m INFO[0m [2mgraphile_worker_migrations[0m[2m:[0m Running backwards-compatible migration m000008 [3mmigration_number[0m[2m=[0m8 [3mmigration_name[0m[2m=[0m"m000008" [3mis_breaking_migration[0m[2m=[0mfalse
[2m2025-09-18T15:51:14.251379Z[0m [32m INFO[0m [2mgraphile_worker_migrations[0m[2m:[0m Running backwards-compatible migration m000009 [3mmigration_number[0m[2m=[0m9 [3mmigration_name[0m[2m=[0m"m000009" [3mis_breaking_migration[0m[2m=[0mfalse
[2m2025-09-18T15:51:14.253836Z[0m [32m INFO[0m [2mgraphile_worker_migrations[0m[2m:[0m Running backwards-compatible migration m000010 [3mmigration_number[0m[2m=[0m10 [3mmigration_name[0m[2m=[0m"m000010" [3mis_breaking_migration[0m[2m=[0mfalse
[2m2025-09-18T15:51:14.255551Z[0m [32m INFO[0m [2mgraphile_worker_migrations[0m[2m:[0m Running breaking migration m000011 [3mmigration_number[0m[2m=[0m11 [3mmigration_name[0m[2m=[0m"m000011" [3mis_breaking_migration[0m[2m=[0mtrue
[2m2025-09-18T15:51:14.304039Z[0m [32m INFO[0m [2mgraphile_worker_migrations[0m[2m:[0m Running backwards-compatible migration m000012 [3mmigration_number[0m[2m=[0m12 [3mmigration_name[0m[2m=[0m"m000012" [3mis_breaking_migration[0m[2m=[0mfalse
[2m2025-09-18T15:51:14.306557Z[0m [32m INFO[0m [2mgraphile_worker_migrations[0m[2m:[0m Running breaking migration m000013 [3mmigration_number[0m[2m=[0m13 [3mmigration_name[0m[2m=[0m"m000013" [3mis_breaking_migration[0m[2m=[0mtrue
[2m2025-09-18T15:51:14.310093Z[0m [32m INFO[0m [2mgraphile_worker_migrations[0m[2m:[0m Running breaking migration m000014 [3mmigration_number[0m[2m=[0m14 [3mmigration_name[0m[2m=[0m"m000014" [3mis_breaking_migration[0m[2m=[0mtrue
[2m2025-09-18T15:51:14.313608Z[0m [32m INFO[0m [2mgraphile_worker_migrations[0m[2m:[0m Running backwards-compatible migration m000015 [3mmigration_number[0m[2m=[0m15 [3mmigration_name[0m[2m=[0m"m000015" [3mis_breaking_migration[0m[2m=[0mfalse
[2m2025-09-18T15:51:14.316237Z[0m [32m INFO[0m [2mgraphile_worker_migrations[0m[2m:[0m Running breaking migration m000016 [3mmigration_number[0m[2m=[0m16 [3mmigration_name[0m[2m=[0m"m000016" [3mis_breaking_migration[0m[2m=[0mtrue
[2m2025-09-18T15:51:14.325201Z[0m [32m INFO[0m [2mgraphile_worker_migrations[0m[2m:[0m Running backwards-compatible migration m000017 [3mmigration_number[0m[2m=[0m17 [3mmigration_name[0m[2m=[0m"m000017" [3mis_breaking_migration[0m[2m=[0mfalse
[2m2025-09-18T15:51:14.327663Z[0m [32m INFO[0m [2mgraphile_worker_migrations[0m[2m:[0m Running backwards-compatible migration m000018 [3mmigration_number[0m[2m=[0m18 [3mmigration_name[0m[2m=[0m"m000018" [3mis_breaking_migration[0m[2m=[0mfalse
[2m2025-09-18T15:51:14.330661Z[0m [32m INFO[0m [2mgraphile_worker_migrations[0m[2m:[0m Migrations complete
[2m2025-09-18T15:51:14.335832Z[0m [32m INFO[0m [2mgraphile_worker::sql::add_job[0m[2m:[0m Job added to queue [3midentifier[0m[2m=[0m"send_ws" [3mpayload[0m[2m=[0mObject {"request_id": String("abc-123")}
[2m2025-09-18T15:51:14.336186Z[0m [34mDEBUG[0m [2mgraphile_worker::runner[0m[2m:[0m Listening for jobs...
[2m2025-09-18T15:51:14.357700Z[0m [34mDEBUG[0m [2mgraphile_worker::runner[0m[2m:[0m Found task [3msource[0m[2m=[0mPolling [3mjob_id[0m[2m=[0m1 [3mtask_identifier[0m[2m=[0m"send_ws" [3mtask_id[0m[2m=[0m1
[send_ws] sent request abc-123
[2m2025-09-18T15:51:14.382090Z[0m [32m INFO[0m [2mgraphile_worker::sql::add_job[0m[2m:[0m Job added to queue [3midentifier[0m[2m=[0m"check_ws" [3mpayload[0m[2m=[0mObject {"request_id": String("abc-123")}
[2m2025-09-18T15:51:14.382170Z[0m [32m INFO[0m [2mgraphile_worker::runner[0m[2m:[0m Completed task with success [3mtask_identifier[0m[2m=[0m"send_ws" [3mpayload[0m[2m=[0m"{\"request_id\":\"abc-123\"}" [3mjob_id[0m[2m=[0m1 [3mduration[0m[2m=[0m24
[2m2025-09-18T15:51:14.384100Z[0m [34mDEBUG[0m [2mgraphile_worker::runner[0m[2m:[0m Job processed [3mjob_id[0m[2m=[0m1
[2m2025-09-18T15:51:25.344480Z[0m [34mDEBUG[0m [2mgraphile_worker::runner[0m[2m:[0m Found task [3msource[0m[2m=[0mPolling [3mjob_id[0m[2m=[0m2 [3mtask_identifier[0m[2m=[0m"check_ws" [3mtask_id[0m[2m=[0m2
[check_ws] checking response for abc-123
[2m2025-09-18T15:51:25.344972Z[0m [32m INFO[0m [2mgraphile_worker::runner[0m[2m:[0m Completed task with success [3mtask_identifier[0m[2m=[0m"check_ws" [3mpayload[0m[2m=[0m"{\"request_id\":\"abc-123\"}" [3mjob_id[0m[2m=[0m2 [3mduration[0m[2m=[0m0
[2m2025-09-18T15:51:25.349579Z[0m [34mDEBUG[0m [2mgraphile_worker::runner[0m[2m:[0m Job processed [3mjob_id[0m[2m=[0m2
[2m2025-09-18T15:51:34.305256Z[0m [32m INFO[0m [2mgraphile_worker_shutdown_signal[0m[2m:[0m Shutdown signal detected. Attempting graceful shutdown...
